# JRE version: OpenJDK Runtime Environment (8.0_152-b01) (build 1.8.0_152-release-915-b01)
# Java VM: OpenJDK 64-Bit Server VM (25.152-b01 mixed mode windows-amd64 compressed oops)
Heap:
 PSYoungGen      total 111104K, used 1803K [0x00000000e0000000, 0x00000000ea380000, 0x0000000100000000)
  eden space 99840K, 1% used [0x00000000e0000000,0x00000000e01c2f20,0x00000000e6180000)
  from space 11264K, 0% used [0x00000000e6180000,0x00000000e6180000,0x00000000e6c80000)
  to   space 12288K, 0% used [0x00000000e9780000,0x00000000e9780000,0x00000000ea380000)
 ParOldGen       total 89600K, used 16447K [0x00000000a0000000, 0x00000000a5780000, 0x00000000e0000000)
  object space 89600K, 18% used [0x00000000a0000000,0x00000000a100ff50,0x00000000a5780000)
 Metaspace       used 34961K, capacity 35676K, committed 35840K, reserved 1079296K
  class space    used 4781K, capacity 5073K, committed 5120K, reserved 1048576K
GC Heap History (10 events):
Event: 6.245 GC heap before
{Heap before GC invocations=5 (full 1):
 PSYoungGen      total 70656K, used 5088K [0x00000000e0000000, 0x00000000e4a00000, 0x0000000100000000)
  eden space 65536K, 0% used [0x00000000e0000000,0x00000000e0000000,0x00000000e4000000)
  from space 5120K, 99% used [0x00000000e4500000,0x00000000e49f8010,0x00000000e4a00000)
  to   space 5120K, 0% used [0x00000000e4000000,0x00000000e4000000,0x00000000e4500000)
 ParOldGen       total 86016K, used 7843K [0x00000000a0000000, 0x00000000a5400000, 0x00000000e0000000)
  object space 86016K, 9% used [0x00000000a0000000,0x00000000a07a8fb0,0x00000000a5400000)
 Metaspace       used 20734K, capacity 21144K, committed 21248K, reserved 1067008K
  class space    used 2881K, capacity 3067K, committed 3072K, reserved 1048576K
Event: 6.286 GC heap after
Heap after GC invocations=5 (full 1):
 PSYoungGen      total 70656K, used 0K [0x00000000e0000000, 0x00000000e4a00000, 0x0000000100000000)
  eden space 65536K, 0% used [0x00000000e0000000,0x00000000e0000000,0x00000000e4000000)
  from space 5120K, 0% used [0x00000000e4500000,0x00000000e4500000,0x00000000e4a00000)
  to   space 5120K, 0% used [0x00000000e4000000,0x00000000e4000000,0x00000000e4500000)
 ParOldGen       total 59904K, used 9001K [0x00000000a0000000, 0x00000000a3a80000, 0x00000000e0000000)
  object space 59904K, 15% used [0x00000000a0000000,0x00000000a08ca710,0x00000000a3a80000)
 Metaspace       used 20734K, capacity 21144K, committed 21248K, reserved 1067008K
  class space    used 2881K, capacity 3067K, committed 3072K, reserved 1048576K
}
Event: 10.807 GC heap before
{Heap before GC invocations=6 (full 1):
 PSYoungGen      total 70656K, used 65536K [0x00000000e0000000, 0x00000000e4a00000, 0x0000000100000000)
  eden space 65536K, 100% used [0x00000000e0000000,0x00000000e4000000,0x00000000e4000000)
  from space 5120K, 0% used [0x00000000e4500000,0x00000000e4500000,0x00000000e4a00000)
  to   space 5120K, 0% used [0x00000000e4000000,0x00000000e4000000,0x00000000e4500000)
 ParOldGen       total 59904K, used 9001K [0x00000000a0000000, 0x00000000a3a80000, 0x00000000e0000000)
  object space 59904K, 15% used [0x00000000a0000000,0x00000000a08ca710,0x00000000a3a80000)
 Metaspace       used 26043K, capacity 26606K, committed 26880K, reserved 1073152K
  class space    used 3550K, capacity 3750K, committed 3840K, reserved 1048576K
Event: 10.813 GC heap after
Heap after GC invocations=6 (full 1):
 PSYoungGen      total 70656K, used 5108K [0x00000000e0000000, 0x00000000e7800000, 0x0000000100000000)
  eden space 65536K, 0% used [0x00000000e0000000,0x00000000e0000000,0x00000000e4000000)
  from space 5120K, 99% used [0x00000000e4000000,0x00000000e44fd380,0x00000000e4500000)
  to   space 10240K, 0% used [0x00000000e6e00000,0x00000000e6e00000,0x00000000e7800000)
 ParOldGen       total 59904K, used 10518K [0x00000000a0000000, 0x00000000a3a80000, 0x00000000e0000000)
  object space 59904K, 17% used [0x00000000a0000000,0x00000000a0a459e8,0x00000000a3a80000)
 Metaspace       used 26043K, capacity 26606K, committed 26880K, reserved 1073152K
  class space    used 3550K, capacity 3750K, committed 3840K, reserved 1048576K
}
Event: 16.773 GC heap before
{Heap before GC invocations=7 (full 1):
 PSYoungGen      total 70656K, used 70644K [0x00000000e0000000, 0x00000000e7800000, 0x0000000100000000)
  eden space 65536K, 100% used [0x00000000e0000000,0x00000000e4000000,0x00000000e4000000)
  from space 5120K, 99% used [0x00000000e4000000,0x00000000e44fd380,0x00000000e4500000)
  to   space 10240K, 0% used [0x00000000e6e00000,0x00000000e6e00000,0x00000000e7800000)
 ParOldGen       total 59904K, used 10518K [0x00000000a0000000, 0x00000000a3a80000, 0x00000000e0000000)
  object space 59904K, 17% used [0x00000000a0000000,0x00000000a0a459e8,0x00000000a3a80000)
 Metaspace       used 31150K, capacity 31786K, committed 32000K, reserved 1077248K
  class space    used 4309K, capacity 4580K, committed 4608K, reserved 1048576K
Event: 16.782 GC heap after
Heap after GC invocations=7 (full 1):
 PSYoungGen      total 108544K, used 9549K [0x00000000e0000000, 0x00000000e7780000, 0x0000000100000000)
  eden space 98816K, 0% used [0x00000000e0000000,0x00000000e0000000,0x00000000e6080000)
  from space 9728K, 98% used [0x00000000e6e00000,0x00000000e7753720,0x00000000e7780000)
  to   space 11264K, 0% used [0x00000000e6180000,0x00000000e6180000,0x00000000e6c80000)
 ParOldGen       total 59904K, used 10590K [0x00000000a0000000, 0x00000000a3a80000, 0x00000000e0000000)
  object space 59904K, 17% used [0x00000000a0000000,0x00000000a0a579f8,0x00000000a3a80000)
 Metaspace       used 31150K, capacity 31786K, committed 32000K, reserved 1077248K
  class space    used 4309K, capacity 4580K, committed 4608K, reserved 1048576K
}
Event: 28.466 GC heap before
{Heap before GC invocations=8 (full 1):
 PSYoungGen      total 108544K, used 75327K [0x00000000e0000000, 0x00000000e7780000, 0x0000000100000000)
  eden space 98816K, 66% used [0x00000000e0000000,0x00000000e403c648,0x00000000e6080000)
  from space 9728K, 98% used [0x00000000e6e00000,0x00000000e7753720,0x00000000e7780000)
  to   space 11264K, 0% used [0x00000000e6180000,0x00000000e6180000,0x00000000e6c80000)
 ParOldGen       total 59904K, used 10590K [0x00000000a0000000, 0x00000000a3a80000, 0x00000000e0000000)
  object space 59904K, 17% used [0x00000000a0000000,0x00000000a0a579f8,0x00000000a3a80000)
 Metaspace       used 34559K, capacity 35272K, committed 35416K, reserved 1079296K
  class space    used 4718K, capacity 5002K, committed 5120K, reserved 1048576K
Event: 28.478 GC heap after
Heap after GC invocations=8 (full 1):
 PSYoungGen      total 111104K, used 10164K [0x00000000e0000000, 0x00000000ea380000, 0x0000000100000000)
  eden space 99840K, 0% used [0x00000000e0000000,0x00000000e0000000,0x00000000e6180000)
  from space 11264K, 90% used [0x00000000e6180000,0x00000000e6b6d0f8,0x00000000e6c80000)
  to   space 12288K, 0% used [0x00000000e9780000,0x00000000e9780000,0x00000000ea380000)
 ParOldGen       total 59904K, used 10598K [0x00000000a0000000, 0x00000000a3a80000, 0x00000000e0000000)
  object space 59904K, 17% used [0x00000000a0000000,0x00000000a0a599f8,0x00000000a3a80000)
 Metaspace       used 34559K, capacity 35272K, committed 35416K, reserved 1079296K
  class space    used 4718K, capacity 5002K, committed 5120K, reserved 1048576K
}
Event: 28.478 GC heap before
{Heap before GC invocations=9 (full 2):
 PSYoungGen      total 111104K, used 10164K [0x00000000e0000000, 0x00000000ea380000, 0x0000000100000000)
  eden space 99840K, 0% used [0x00000000e0000000,0x00000000e0000000,0x00000000e6180000)
  from space 11264K, 90% used [0x00000000e6180000,0x00000000e6b6d0f8,0x00000000e6c80000)
  to   space 12288K, 0% used [0x00000000e9780000,0x00000000e9780000,0x00000000ea380000)
 ParOldGen       total 59904K, used 10598K [0x00000000a0000000, 0x00000000a3a80000, 0x00000000e0000000)
  object space 59904K, 17% used [0x00000000a0000000,0x00000000a0a599f8,0x00000000a3a80000)
 Metaspace       used 34559K, capacity 35272K, committed 35416K, reserved 1079296K
  class space    used 4718K, capacity 5002K, committed 5120K, reserved 1048576K
Event: 28.564 GC heap after
Heap after GC invocations=9 (full 2):
 PSYoungGen      total 111104K, used 0K [0x00000000e0000000, 0x00000000ea380000, 0x0000000100000000)
  eden space 99840K, 0% used [0x00000000e0000000,0x00000000e0000000,0x00000000e6180000)
  from space 11264K, 0% used [0x00000000e6180000,0x00000000e6180000,0x00000000e6c80000)
  to   space 12288K, 0% used [0x00000000e9780000,0x00000000e9780000,0x00000000ea380000)
 ParOldGen       total 89600K, used 16447K [0x00000000a0000000, 0x00000000a5780000, 0x00000000e0000000)
  object space 89600K, 18% used [0x00000000a0000000,0x00000000a100ff50,0x00000000a5780000)
 Metaspace       used 34559K, capacity 35272K, committed 35416K, reserved 1079296K
  class space    used 4718K, capacity 5002K, committed 5120K, reserved 1048576K
}

